(---------------------------------------------------------------------)
(                                                                     )
(    Allegro Netrev Import Logic                                      )
(                                                                     )
(    Drawing          : Expand.brd                                    )
(    Software Version : 16.6S003                                      )
(    Date/Time        : Wed Jan 15 22:26:57 2014                      )
(                                                                     )
(---------------------------------------------------------------------)


------ Directives ------

RIPUP_ETCH FALSE;
RIPUP_DELETE_FIRST_SEGMENT FALSE;
RIPUP_RETAIN_BONDWIRE FALSE;
RIPUP_SYMBOLS ALWAYS;
Missing symbol has error FALSE;
SCHEMATIC_DIRECTORY 'D:/Spira Heaven/0-My Works/Srtp/PCB/Expand/Netlist';
BOARD_DIRECTORY '';
OLD_BOARD_NAME 'D:/Spira Heaven/0-My Works/Srtp/PCB/Expand/PCB/Expand.brd';
NEW_BOARD_NAME 'D:/Spira Heaven/0-My Works/Srtp/PCB/Expand/PCB/Expand.brd';

CmdLine: netrev -$ -i D:/Spira Heaven/0-My Works/Srtp/PCB/Expand/Netlist -y 1 D:/Spira Heaven/0-My Works/Srtp/PCB/Expand/PCB/#Taaaaab07496.tmp

------ Preparing to read pst files ------

Starting to read D:/Spira Heaven/0-My Works/Srtp/PCB/Expand/Netlist/pstchip.dat 
   Finished reading D:/Spira Heaven/0-My Works/Srtp/PCB/Expand/Netlist/pstchip.dat (00:00:00.03)
Starting to read D:/Spira Heaven/0-My Works/Srtp/PCB/Expand/Netlist/pstxprt.dat 
   Finished reading D:/Spira Heaven/0-My Works/Srtp/PCB/Expand/Netlist/pstxprt.dat (00:00:00.00)
Starting to read D:/Spira Heaven/0-My Works/Srtp/PCB/Expand/Netlist/pstxnet.dat 
   Finished reading D:/Spira Heaven/0-My Works/Srtp/PCB/Expand/Netlist/pstxnet.dat (00:00:00.00)

------ Oversights/Warnings/Errors ------


------ Library Paths ------
MODULEPATH =  . 
           D:/Spira Heaven/Cadence/SPB_16.6/share/local/pcb/modules 

PSMPATH =  . 
           symbols 
           .. 
           ../symbols 
           D:/Spira Heaven/Cadence/SPB_16.6/share/local/pcb/symbols 
           D:/Spira Heaven/Cadence/SPB_16.6/share/pcb/pcb_lib/symbols 
           D:/Spira Heaven/Cadence/SPB_16.6/share/pcb/allegrolib/symbols 
           D:/SPIRA HEAVEN/CADENCE/MINE/PAKEBAGE/ 

PADPATH =  . 
           symbols 
           .. 
           ../symbols 
           D:/Spira Heaven/Cadence/SPB_16.6/share/local/pcb/padstacks 
           D:/Spira Heaven/Cadence/SPB_16.6/share/pcb/pcb_lib/symbols 
           D:/Spira Heaven/Cadence/SPB_16.6/share/pcb/allegrolib/symbols 
           D:/SPIRA HEAVEN/CADENCE/MINE/PAD/ 


------ Summary Statistics ------


netrev run on Jan 15 22:26:57 2014
   DESIGN NAME : 'EXPAND'
   PACKAGING ON Sep 10 2012 04:46:09

   COMPILE 'logic'
   CHECK_PIN_NAMES OFF
   CROSS_REFERENCE OFF
   FEEDBACK OFF
   INCREMENTAL OFF
   INTERFACE_TYPE PHYSICAL
   MAX_ERRORS 500
   MERGE_MINIMUM 5
   NET_NAME_CHARS '#%&()*+-./:=>?@[]^_`|'
   NET_NAME_LENGTH 24
   OVERSIGHTS ON
   REPLACE_CHECK OFF
   SINGLE_NODE_NETS ON
   SPLIT_MINIMUM 0
   SUPPRESS   20
   WARNINGS ON

 No error detected
 No oversight detected
 No warning detected

cpu time      0:01:54
elapsed time  0:00:01

